2014-Nov-25 21:31:23 Наличие необходимых модулей php (check_php_modules): Ok
Все необходимые модули установлены
2014-Nov-25 21:31:23 Обязательные параметры PHP (check_php_settings): Fail
Ошибка! Значение max_input_vars должно быть не ниже 10000. Текущее значение: 3000
2014-Nov-25 21:31:23 Модули веб-сервера (check_security): Warning
Замечание. Загружен модуль mod_dav/mod_dav_fs, WebDav не будет работать
2014-Nov-25 21:31:23 Значения переменных сервера (check_server_vars): Ok
Корректные
2014-Nov-25 21:31:23 Сохранение сессии (check_session): Ok
50% done
2014-Nov-25 21:31:23 Сохранение сессии (check_session): Ok
Успешно
2014-Nov-25 21:31:23 Параметры настройки UTF (mbstring и константа BX_UTF) (check_mbstring): Ok
Правильные. Сайт работает в UTF кодировке
2014-Nov-25 21:31:23 Работа с сокетами (check_socket): Ok
Connection to test.vsekroham.ru:80	Success

Успешно
2014-Nov-25 21:31:24 Параметры подключения к базе данных (check_dbconn_settings): Ok
Успешно
2014-Nov-25 21:31:24 Лишний вывод в файлах конфигурации (check_dbconn): Ok
Connection to test.vsekroham.ru:80	Success

Успешно
2014-Nov-25 21:31:24 Выполнение агентов на cron (check_bx_crontab): Warning
Замечание. Агенты выполняются на хитах, рекомендуется перевести выполнение агентов на cron
2014-Nov-25 21:31:24 Сохранение сессии без UserAgent (check_session_ua): Ok
50% done
Connection to test.vsekroham.ru:80	Success

2014-Nov-25 21:31:24 Сохранение сессии без UserAgent (check_session_ua): Ok
Connection to test.vsekroham.ru:80	Success

Успешно
2014-Nov-25 21:31:24 Настройки сайтов (check_sites): Ok
Правильные
2014-Nov-25 21:31:24 Служебные скрипты в корне сайта (check_install_scripts): Ok
Отсутствуют
2014-Nov-25 21:31:25 Передача объектов по ссылке (check_clone): Ok
Успешно
2014-Nov-25 21:31:25 Размер стека и pcre.recursion_limit (check_pcre_recursion): Warning
Connection to test.vsekroham.ru:80	Success

Замечание. Возможны проблемы в работе с длинными строками из-за системных ограничений
2014-Nov-25 21:31:25 Вызов method_exists на строке (check_method_exists): Ok
Connection to test.vsekroham.ru:80	Success

Успешно
2014-Nov-25 21:31:25 Загрузка файла (check_upload): Ok
Connection to test.vsekroham.ru:80	Success

Успешно
2014-Nov-25 21:31:25 Загрузка файла больше 4Мб (check_upload_big): Ok
Connection to test.vsekroham.ru:80	Success

Успешно
2014-Nov-25 21:31:25 Загрузка файла через php://input (check_upload_raw): Ok
Connection to test.vsekroham.ru:80	Success

Успешно
2014-Nov-25 21:31:26 Передача POST запроса с большим числом параметров (check_post): Ok
Connection to test.vsekroham.ru:80	Success

Успешно
2014-Nov-25 21:31:26 Отправка почты (check_mail): Ok
Успешно
2014-Nov-25 21:31:27 Отправка почтового сообщения больше 64Кб (check_mail_big): Ok
Успешно
2014-Nov-25 21:31:27 Проверка на наличие неотправленных сообщений (check_mail_b_event): Ok
Успешно
2014-Nov-25 21:31:27 Внутреннее перенаправление (функция LocalRedirect) (check_localredirect): Ok
50% done
Connection to test.vsekroham.ru:80	Success

2014-Nov-25 21:31:27 Внутреннее перенаправление (функция LocalRedirect) (check_localredirect): Ok
Connection to test.vsekroham.ru:80	Success

Успешно
2014-Nov-25 21:31:27 Фактическое ограничение памяти (check_memory_limit): Ok
20% done
Connection to test.vsekroham.ru:80	Success

2014-Nov-25 21:31:28 Фактическое ограничение памяти (check_memory_limit): Ok
40% done
Connection to test.vsekroham.ru:80	Success

2014-Nov-25 21:31:28 Фактическое ограничение памяти (check_memory_limit): Ok
60% done
Connection to test.vsekroham.ru:80	Success

2014-Nov-25 21:31:33 Фактическое ограничение памяти (check_memory_limit): Ok
80% done
Connection to test.vsekroham.ru:80	Success

2014-Nov-25 21:31:34 Фактическое ограничение памяти (check_memory_limit): Ok
Connection to test.vsekroham.ru:80	Success

Не менее 256 М
2014-Nov-25 21:31:34 Работа с файлами кеша (check_cache): Ok
Успешно
2014-Nov-25 21:31:34 Доступ к серверу обновлений (check_update): Ok
Успешно
2014-Nov-25 21:31:34 HTTP авторизация (check_http_auth): Ok
Connection to test.vsekroham.ru:80	Success

Успешно
2014-Nov-25 21:31:34 Создание и запуск файла (check_exec): Ok
Connection to test.vsekroham.ru:80	Success

Успешно
2014-Nov-25 21:31:34 Функция getimagesize для swf (check_getimagesize): Ok
Успешно
2014-Nov-25 21:31:35 Версия MySQL сервера (check_mysql_bug_version): Ok
Успешно
2014-Nov-25 21:31:36 Время на БД и веб сервере (check_mysql_time): Ok
Успешно
2014-Nov-25 21:31:36 Режим работы MySQL (check_mysql_mode): Ok
Успешно
2014-Nov-25 21:31:36 Кодировка соединения (check_mysql_connection_charset): Ok
character_set_connection=utf8, collation_connection=utf8_unicode_ci, character_set_results=utf8
Успешно
2014-Nov-25 21:31:36 Кодировка базы данных (check_mysql_db_charset): Ok
CHARSET=utf8, COLLATION=utf8_unicode_ci
Успешно
2014-Nov-25 21:31:36 Кодировки таблиц в БД (check_mysql_table_charset): Ok
Успешно
2014-Nov-25 21:31:37 Структура базы данных (check_mysql_table_structure): Ok
0% done
2014-Nov-25 21:31:37 Структура базы данных (check_mysql_table_structure): Ok
2% done
2014-Nov-25 21:31:37 Структура базы данных (check_mysql_table_structure): Ok
4% done
2014-Nov-25 21:31:39 Структура базы данных (check_mysql_table_structure): Ok
6% done
2014-Nov-25 21:31:39 Структура базы данных (check_mysql_table_structure): Ok
9% done
2014-Nov-25 21:31:39 Структура базы данных (check_mysql_table_structure): Ok
11% done
2014-Nov-25 21:31:39 Структура базы данных (check_mysql_table_structure): Ok
13% done
2014-Nov-25 21:31:39 Структура базы данных (check_mysql_table_structure): Ok
15% done
2014-Nov-25 21:31:40 Структура базы данных (check_mysql_table_structure): Ok
18% done
2014-Nov-25 21:31:41 Структура базы данных (check_mysql_table_structure): Ok
20% done
2014-Nov-25 21:31:41 Структура базы данных (check_mysql_table_structure): Ok
22% done
2014-Nov-25 21:31:41 Структура базы данных (check_mysql_table_structure): Ok
25% done
2014-Nov-25 21:31:42 Структура базы данных (check_mysql_table_structure): Ok
27% done
2014-Nov-25 21:31:42 Структура базы данных (check_mysql_table_structure): Ok
29% done
2014-Nov-25 21:31:42 Структура базы данных (check_mysql_table_structure): Ok
31% done
2014-Nov-25 21:31:43 Структура базы данных (check_mysql_table_structure): Ok
34% done
2014-Nov-25 21:31:45 Структура базы данных (check_mysql_table_structure): Ok
36% done
2014-Nov-25 21:31:45 Структура базы данных (check_mysql_table_structure): Ok
38% done
2014-Nov-25 21:31:45 Структура базы данных (check_mysql_table_structure): Ok
40% done
2014-Nov-25 21:31:46 Структура базы данных (check_mysql_table_structure): Ok
43% done
2014-Nov-25 21:31:50 Структура базы данных (check_mysql_table_structure): Ok
45% done
2014-Nov-25 21:31:50 Структура базы данных (check_mysql_table_structure): Ok
47% done
2014-Nov-25 21:31:52 Структура базы данных (check_mysql_table_structure): Ok
50% done
2014-Nov-25 21:31:52 Структура базы данных (check_mysql_table_structure): Ok
52% done
2014-Nov-25 21:31:52 Структура базы данных (check_mysql_table_structure): Ok
54% done
2014-Nov-25 21:31:53 Структура базы данных (check_mysql_table_structure): Ok
56% done
2014-Nov-25 21:31:53 Структура базы данных (check_mysql_table_structure): Ok
59% done
2014-Nov-25 21:31:54 Структура базы данных (check_mysql_table_structure): Ok
61% done
2014-Nov-25 21:31:54 Структура базы данных (check_mysql_table_structure): Ok
63% done
2014-Nov-25 21:31:54 Структура базы данных (check_mysql_table_structure): Ok
65% done
2014-Nov-25 21:31:54 Структура базы данных (check_mysql_table_structure): Ok
68% done
2014-Nov-25 21:31:55 Структура базы данных (check_mysql_table_structure): Ok
70% done
2014-Nov-25 21:31:55 Структура базы данных (check_mysql_table_structure): Ok
72% done
2014-Nov-25 21:31:55 Структура базы данных (check_mysql_table_structure): Ok
75% done
2014-Nov-25 21:31:55 Структура базы данных (check_mysql_table_structure): Ok
77% done
2014-Nov-25 21:31:56 Структура базы данных (check_mysql_table_structure): Ok
79% done
2014-Nov-25 21:32:00 Структура базы данных (check_mysql_table_structure): Ok
81% done
2014-Nov-25 21:32:00 Структура базы данных (check_mysql_table_structure): Ok
84% done
2014-Nov-25 21:32:01 Структура базы данных (check_mysql_table_structure): Ok
86% done
2014-Nov-25 21:32:01 Структура базы данных (check_mysql_table_structure): Ok
88% done
2014-Nov-25 21:32:01 Структура базы данных (check_mysql_table_structure): Ok
90% done
2014-Nov-25 21:32:02 Структура базы данных (check_mysql_table_structure): Ok
93% done
2014-Nov-25 21:32:02 Структура базы данных (check_mysql_table_structure): Ok
95% done
2014-Nov-25 21:32:02 Структура базы данных (check_mysql_table_structure): Ok
97% done
2014-Nov-25 21:32:02 Структура базы данных (check_mysql_table_structure): Ok
Успешно
