2015-Mar-02 10:51:59 Наличие необходимых модулей php (check_php_modules): Ok
Все необходимые модули установлены
2015-Mar-02 10:51:59 Обязательные параметры PHP (check_php_settings): Ok
Настройки правильные
2015-Mar-02 10:52:00 Модули веб-сервера (check_security): Warning
Замечание. Загружен модуль mod_dav/mod_dav_fs, WebDav не будет работать
2015-Mar-02 10:52:00 Значения переменных сервера (check_server_vars): Ok
Корректные
2015-Mar-02 10:52:00 Сохранение сессии (check_session): Ok
50% done
2015-Mar-02 10:52:00 Сохранение сессии (check_session): Ok
Успешно
2015-Mar-02 10:52:00 Параметры настройки UTF (mbstring и константа BX_UTF) (check_mbstring): Ok
Правильные. Сайт работает в UTF кодировке
2015-Mar-02 10:52:00 Работа с сокетами (check_socket): Ok
Connection to www.vsekroham.ru:80	Success

Успешно
2015-Mar-02 10:52:00 Параметры подключения к базе данных (check_dbconn_settings): Ok
Успешно
2015-Mar-02 10:52:00 Лишний вывод в файлах конфигурации (check_dbconn): Ok
Connection to www.vsekroham.ru:80	Success

Успешно
2015-Mar-02 10:52:00 Выполнение агентов на cron (check_bx_crontab): Warning
Замечание. Агенты выполняются на хитах, рекомендуется перевести выполнение агентов на cron
2015-Mar-02 10:52:00 Сохранение сессии без UserAgent (check_session_ua): Ok
50% done
Connection to www.vsekroham.ru:80	Success

2015-Mar-02 10:52:01 Сохранение сессии без UserAgent (check_session_ua): Ok
Connection to www.vsekroham.ru:80	Success

Успешно
2015-Mar-02 10:52:01 Настройки сайтов (check_sites): Ok
Правильные
2015-Mar-02 10:52:01 Служебные скрипты в корне сайта (check_install_scripts): Ok
Отсутствуют
2015-Mar-02 10:52:01 Передача объектов по ссылке (check_clone): Ok
Успешно
2015-Mar-02 10:52:01 Размер стека и pcre.recursion_limit (check_pcre_recursion): Warning
Connection to www.vsekroham.ru:80	Success

Замечание. Возможны проблемы в работе с длинными строками из-за системных ограничений
2015-Mar-02 10:52:01 Вызов method_exists на строке (check_method_exists): Ok
Connection to www.vsekroham.ru:80	Success

Успешно
2015-Mar-02 10:52:01 Загрузка файла (check_upload): Ok
Connection to www.vsekroham.ru:80	Success

Успешно
2015-Mar-02 10:52:01 Загрузка файла больше 4Мб (check_upload_big): Ok
Connection to www.vsekroham.ru:80	Success

Успешно
2015-Mar-02 10:52:01 Загрузка файла через php://input (check_upload_raw): Ok
Connection to www.vsekroham.ru:80	Success

Успешно
2015-Mar-02 10:52:01 Передача POST запроса с большим числом параметров (check_post): Ok
Connection to www.vsekroham.ru:80	Success

Успешно
2015-Mar-02 10:52:02 Отправка почты (check_mail): Ok
Успешно
2015-Mar-02 10:52:07 Отправка почтового сообщения больше 64Кб (check_mail_big): Fail
Ошибка! Отправлено. Время отправки: 5.5 сек.
2015-Mar-02 10:52:07 Проверка на наличие неотправленных сообщений (check_mail_b_event): Ok
Успешно
2015-Mar-02 10:52:08 Внутреннее перенаправление (функция LocalRedirect) (check_localredirect): Ok
50% done
Connection to www.vsekroham.ru:80	Success

2015-Mar-02 10:52:08 Внутреннее перенаправление (функция LocalRedirect) (check_localredirect): Ok
Connection to www.vsekroham.ru:80	Success

Успешно
2015-Mar-02 10:52:08 Фактическое ограничение памяти (check_memory_limit): Ok
20% done
Connection to www.vsekroham.ru:80	Success

2015-Mar-02 10:52:08 Фактическое ограничение памяти (check_memory_limit): Ok
40% done
Connection to www.vsekroham.ru:80	Success

2015-Mar-02 10:52:08 Фактическое ограничение памяти (check_memory_limit): Ok
60% done
Connection to www.vsekroham.ru:80	Success

2015-Mar-02 10:52:08 Фактическое ограничение памяти (check_memory_limit): Ok
80% done
Connection to www.vsekroham.ru:80	Success

2015-Mar-02 10:52:09 Фактическое ограничение памяти (check_memory_limit): Ok
Connection to www.vsekroham.ru:80	Success

Не менее 256 М
2015-Mar-02 10:52:09 Работа с файлами кеша (check_cache): Ok
Успешно
2015-Mar-02 10:52:09 Доступ к серверу обновлений (check_update): Ok
Успешно
2015-Mar-02 10:52:09 HTTP авторизация (check_http_auth): Ok
Connection to www.vsekroham.ru:80	Success

Успешно
2015-Mar-02 10:52:10 Создание и запуск файла (check_exec): Ok
Connection to www.vsekroham.ru:80	Success

Успешно
2015-Mar-02 10:52:10 Функция getimagesize для swf (check_getimagesize): Ok
Успешно
2015-Mar-02 10:52:10 Версия MySQL сервера (check_mysql_bug_version): Ok
Успешно
2015-Mar-02 10:52:11 Время на БД и веб сервере (check_mysql_time): Ok
Успешно
2015-Mar-02 10:52:11 Режим работы MySQL (check_mysql_mode): Ok
Успешно
2015-Mar-02 10:52:11 Кодировка соединения (check_mysql_connection_charset): Ok
character_set_connection=utf8, collation_connection=utf8_unicode_ci, character_set_results=utf8
Успешно
2015-Mar-02 10:52:11 Кодировка базы данных (check_mysql_db_charset): Ok
CHARSET=utf8, COLLATION=utf8_unicode_ci
Успешно
2015-Mar-02 10:52:11 Кодировки таблиц в БД (check_mysql_table_charset): Ok
Успешно
2015-Mar-02 10:52:11 Структура базы данных (check_mysql_table_structure): Ok
0% done
2015-Mar-02 10:52:11 Структура базы данных (check_mysql_table_structure): Ok
2% done
2015-Mar-02 10:52:12 Структура базы данных (check_mysql_table_structure): Ok
4% done
2015-Mar-02 10:52:13 Структура базы данных (check_mysql_table_structure): Ok
6% done
2015-Mar-02 10:52:13 Структура базы данных (check_mysql_table_structure): Ok
8% done
2015-Mar-02 10:52:14 Структура базы данных (check_mysql_table_structure): Ok
10% done
2015-Mar-02 10:52:14 Структура базы данных (check_mysql_table_structure): Ok
13% done
2015-Mar-02 10:52:14 Структура базы данных (check_mysql_table_structure): Ok
15% done
2015-Mar-02 10:52:15 Структура базы данных (check_mysql_table_structure): Ok
17% done
2015-Mar-02 10:52:16 Структура базы данных (check_mysql_table_structure): Ok
19% done
2015-Mar-02 10:52:16 Структура базы данных (check_mysql_table_structure): Ok
21% done
2015-Mar-02 10:52:16 Структура базы данных (check_mysql_table_structure): Ok
23% done
2015-Mar-02 10:52:16 Структура базы данных (check_mysql_table_structure): Ok
26% done
2015-Mar-02 10:52:17 Структура базы данных (check_mysql_table_structure): Ok
28% done
2015-Mar-02 10:52:17 Структура базы данных (check_mysql_table_structure): Ok
30% done
2015-Mar-02 10:52:17 Структура базы данных (check_mysql_table_structure): Ok
32% done
2015-Mar-02 10:52:17 Структура базы данных (check_mysql_table_structure): Ok
34% done
2015-Mar-02 10:52:18 Структура базы данных (check_mysql_table_structure): Ok
36% done
2015-Mar-02 10:52:20 Структура базы данных (check_mysql_table_structure): Ok
39% done
2015-Mar-02 10:52:20 Структура базы данных (check_mysql_table_structure): Ok
41% done
2015-Mar-02 10:52:20 Структура базы данных (check_mysql_table_structure): Ok
43% done
2015-Mar-02 10:52:21 Структура базы данных (check_mysql_table_structure): Ok
45% done
2015-Mar-02 10:52:25 Структура базы данных (check_mysql_table_structure): Ok
47% done
2015-Mar-02 10:52:25 Структура базы данных (check_mysql_table_structure): Ok
50% done
2015-Mar-02 10:52:26 Структура базы данных (check_mysql_table_structure): Ok
52% done
2015-Mar-02 10:52:31 Структура базы данных (check_mysql_table_structure): Ok
54% done
2015-Mar-02 10:52:31 Структура базы данных (check_mysql_table_structure): Ok
56% done
2015-Mar-02 10:52:32 Структура базы данных (check_mysql_table_structure): Ok
58% done
2015-Mar-02 10:52:32 Структура базы данных (check_mysql_table_structure): Ok
60% done
2015-Mar-02 10:52:32 Структура базы данных (check_mysql_table_structure): Ok
63% done
2015-Mar-02 10:52:33 Структура базы данных (check_mysql_table_structure): Ok
65% done
2015-Mar-02 10:52:33 Структура базы данных (check_mysql_table_structure): Ok
67% done
2015-Mar-02 10:52:33 Структура базы данных (check_mysql_table_structure): Ok
69% done
2015-Mar-02 10:52:33 Структура базы данных (check_mysql_table_structure): Ok
71% done
2015-Mar-02 10:52:34 Структура базы данных (check_mysql_table_structure): Ok
73% done
2015-Mar-02 10:52:34 Структура базы данных (check_mysql_table_structure): Ok
76% done
2015-Mar-02 10:52:34 Структура базы данных (check_mysql_table_structure): Ok
78% done
2015-Mar-02 10:52:35 Структура базы данных (check_mysql_table_structure): Ok
80% done
2015-Mar-02 10:52:39 Структура базы данных (check_mysql_table_structure): Ok
82% done
2015-Mar-02 10:52:39 Структура базы данных (check_mysql_table_structure): Ok
84% done
2015-Mar-02 10:52:39 Структура базы данных (check_mysql_table_structure): Ok
86% done
2015-Mar-02 10:52:39 Структура базы данных (check_mysql_table_structure): Ok
89% done
2015-Mar-02 10:52:39 Структура базы данных (check_mysql_table_structure): Ok
91% done
2015-Mar-02 10:52:40 Структура базы данных (check_mysql_table_structure): Ok
93% done
2015-Mar-02 10:52:40 Структура базы данных (check_mysql_table_structure): Ok
95% done
2015-Mar-02 10:52:40 Структура базы данных (check_mysql_table_structure): Ok
97% done
2015-Mar-02 10:52:40 Структура базы данных (check_mysql_table_structure): Ok
Успешно
