2015-Mar-05 22:33:51 Наличие необходимых модулей php (check_php_modules): Ok
Все необходимые модули установлены
2015-Mar-05 22:33:51 Обязательные параметры PHP (check_php_settings): Ok
Настройки правильные
2015-Mar-05 22:33:51 Модули веб-сервера (check_security): Warning
Замечание. Загружен модуль mod_dav/mod_dav_fs, WebDav не будет работать
2015-Mar-05 22:33:52 Значения переменных сервера (check_server_vars): Ok
Корректные
2015-Mar-05 22:33:52 Сохранение сессии (check_session): Ok
50% done
2015-Mar-05 22:33:52 Сохранение сессии (check_session): Ok
Успешно
2015-Mar-05 22:33:52 Параметры настройки UTF (mbstring и константа BX_UTF) (check_mbstring): Ok
Правильные. Сайт работает в UTF кодировке
2015-Mar-05 22:33:52 Работа с сокетами (check_socket): Ok
Connection to www.vsekroham.ru:80	Success

Успешно
2015-Mar-05 22:33:52 Параметры подключения к базе данных (check_dbconn_settings): Ok
Успешно
2015-Mar-05 22:33:52 Лишний вывод в файлах конфигурации (check_dbconn): Ok
Connection to www.vsekroham.ru:80	Success

Успешно
2015-Mar-05 22:33:53 Выполнение агентов на cron (check_bx_crontab): Warning
Замечание. Агенты выполняются на хитах, рекомендуется перевести выполнение агентов на cron
2015-Mar-05 22:33:53 Сохранение сессии без UserAgent (check_session_ua): Ok
50% done
Connection to www.vsekroham.ru:80	Success

2015-Mar-05 22:33:53 Сохранение сессии без UserAgent (check_session_ua): Ok
Connection to www.vsekroham.ru:80	Success

Успешно
2015-Mar-05 22:33:53 Настройки сайтов (check_sites): Ok
Правильные
2015-Mar-05 22:33:53 Служебные скрипты в корне сайта (check_install_scripts): Ok
Отсутствуют
2015-Mar-05 22:33:53 Передача объектов по ссылке (check_clone): Ok
Успешно
2015-Mar-05 22:33:53 Размер стека и pcre.recursion_limit (check_pcre_recursion): Warning
Connection to www.vsekroham.ru:80	Success

Замечание. Возможны проблемы в работе с длинными строками из-за системных ограничений
2015-Mar-05 22:33:53 Вызов method_exists на строке (check_method_exists): Ok
Connection to www.vsekroham.ru:80	Success

Успешно
2015-Mar-05 22:33:53 Загрузка файла (check_upload): Ok
Connection to www.vsekroham.ru:80	Success

Успешно
2015-Mar-05 22:33:54 Загрузка файла больше 4Мб (check_upload_big): Ok
Connection to www.vsekroham.ru:80	Success

Успешно
2015-Mar-05 22:33:54 Загрузка файла через php://input (check_upload_raw): Ok
Connection to www.vsekroham.ru:80	Success

Успешно
2015-Mar-05 22:33:54 Передача POST запроса с большим числом параметров (check_post): Ok
Connection to www.vsekroham.ru:80	Success

Успешно
2015-Mar-05 22:33:54 Отправка почты (check_mail): Ok
Успешно
2015-Mar-05 22:33:55 Отправка почтового сообщения больше 64Кб (check_mail_big): Ok
Успешно
2015-Mar-05 22:33:55 Проверка на наличие неотправленных сообщений (check_mail_b_event): Ok
Успешно
2015-Mar-05 22:33:56 Внутреннее перенаправление (функция LocalRedirect) (check_localredirect): Ok
50% done
Connection to www.vsekroham.ru:80	Success

2015-Mar-05 22:33:56 Внутреннее перенаправление (функция LocalRedirect) (check_localredirect): Ok
Connection to www.vsekroham.ru:80	Success

Успешно
2015-Mar-05 22:33:56 Фактическое ограничение памяти (check_memory_limit): Ok
20% done
Connection to www.vsekroham.ru:80	Success

2015-Mar-05 22:33:56 Фактическое ограничение памяти (check_memory_limit): Ok
40% done
Connection to www.vsekroham.ru:80	Success

2015-Mar-05 22:33:56 Фактическое ограничение памяти (check_memory_limit): Ok
60% done
Connection to www.vsekroham.ru:80	Success

2015-Mar-05 22:33:56 Фактическое ограничение памяти (check_memory_limit): Ok
80% done
Connection to www.vsekroham.ru:80	Success

2015-Mar-05 22:33:57 Фактическое ограничение памяти (check_memory_limit): Ok
Connection to www.vsekroham.ru:80	Success

Не менее 256 М
2015-Mar-05 22:33:57 Работа с файлами кеша (check_cache): Ok
Успешно
2015-Mar-05 22:33:57 Доступ к серверу обновлений (check_update): Ok
Успешно
2015-Mar-05 22:33:58 HTTP авторизация (check_http_auth): Ok
Connection to www.vsekroham.ru:80	Success

Успешно
2015-Mar-05 22:33:58 Создание и запуск файла (check_exec): Ok
Connection to www.vsekroham.ru:80	Success

Успешно
2015-Mar-05 22:33:58 Функция getimagesize для swf (check_getimagesize): Ok
Успешно
2015-Mar-05 22:33:58 Версия MySQL сервера (check_mysql_bug_version): Ok
Успешно
2015-Mar-05 22:33:59 Время на БД и веб сервере (check_mysql_time): Ok
Успешно
2015-Mar-05 22:33:59 Режим работы MySQL (check_mysql_mode): Ok
Успешно
2015-Mar-05 22:33:59 Кодировка соединения (check_mysql_connection_charset): Ok
character_set_connection=utf8, collation_connection=utf8_unicode_ci, character_set_results=utf8
Успешно
2015-Mar-05 22:33:59 Кодировка базы данных (check_mysql_db_charset): Ok
CHARSET=utf8, COLLATION=utf8_unicode_ci
Успешно
2015-Mar-05 22:33:59 Кодировки таблиц в БД (check_mysql_table_charset): Ok
Успешно
2015-Mar-05 22:33:59 Структура базы данных (check_mysql_table_structure): Ok
0% done
2015-Mar-05 22:34:00 Структура базы данных (check_mysql_table_structure): Ok
2% done
2015-Mar-05 22:34:00 Структура базы данных (check_mysql_table_structure): Ok
4% done
2015-Mar-05 22:34:01 Структура базы данных (check_mysql_table_structure): Ok
6% done
2015-Mar-05 22:34:02 Структура базы данных (check_mysql_table_structure): Ok
8% done
2015-Mar-05 22:34:02 Структура базы данных (check_mysql_table_structure): Ok
10% done
2015-Mar-05 22:34:03 Структура базы данных (check_mysql_table_structure): Ok
13% done
2015-Mar-05 22:34:03 Структура базы данных (check_mysql_table_structure): Ok
15% done
2015-Mar-05 22:34:04 Структура базы данных (check_mysql_table_structure): Ok
17% done
2015-Mar-05 22:34:04 Структура базы данных (check_mysql_table_structure): Ok
19% done
2015-Mar-05 22:34:05 Структура базы данных (check_mysql_table_structure): Ok
21% done
2015-Mar-05 22:34:05 Структура базы данных (check_mysql_table_structure): Ok
23% done
2015-Mar-05 22:34:05 Структура базы данных (check_mysql_table_structure): Ok
26% done
2015-Mar-05 22:34:06 Структура базы данных (check_mysql_table_structure): Ok
28% done
2015-Mar-05 22:34:06 Структура базы данных (check_mysql_table_structure): Ok
30% done
2015-Mar-05 22:34:06 Структура базы данных (check_mysql_table_structure): Ok
32% done
2015-Mar-05 22:34:06 Структура базы данных (check_mysql_table_structure): Ok
34% done
2015-Mar-05 22:34:07 Структура базы данных (check_mysql_table_structure): Ok
36% done
2015-Mar-05 22:34:09 Структура базы данных (check_mysql_table_structure): Ok
39% done
2015-Mar-05 22:34:09 Структура базы данных (check_mysql_table_structure): Ok
41% done
2015-Mar-05 22:34:09 Структура базы данных (check_mysql_table_structure): Ok
43% done
2015-Mar-05 22:34:10 Структура базы данных (check_mysql_table_structure): Ok
45% done
2015-Mar-05 22:34:14 Структура базы данных (check_mysql_table_structure): Ok
47% done
2015-Mar-05 22:34:14 Структура базы данных (check_mysql_table_structure): Ok
50% done
2015-Mar-05 22:34:16 Структура базы данных (check_mysql_table_structure): Ok
52% done
2015-Mar-05 22:34:16 Структура базы данных (check_mysql_table_structure): Ok
54% done
2015-Mar-05 22:34:16 Структура базы данных (check_mysql_table_structure): Ok
56% done
2015-Mar-05 22:34:18 Структура базы данных (check_mysql_table_structure): Ok
58% done
2015-Mar-05 22:34:18 Структура базы данных (check_mysql_table_structure): Ok
60% done
2015-Mar-05 22:34:18 Структура базы данных (check_mysql_table_structure): Ok
63% done
2015-Mar-05 22:34:18 Структура базы данных (check_mysql_table_structure): Ok
65% done
2015-Mar-05 22:34:18 Структура базы данных (check_mysql_table_structure): Ok
67% done
2015-Mar-05 22:34:18 Структура базы данных (check_mysql_table_structure): Ok
69% done
2015-Mar-05 22:34:19 Структура базы данных (check_mysql_table_structure): Ok
71% done
2015-Mar-05 22:34:20 Структура базы данных (check_mysql_table_structure): Ok
73% done
2015-Mar-05 22:34:20 Структура базы данных (check_mysql_table_structure): Ok
76% done
2015-Mar-05 22:34:20 Структура базы данных (check_mysql_table_structure): Ok
78% done
2015-Mar-05 22:34:20 Структура базы данных (check_mysql_table_structure): Ok
80% done
2015-Mar-05 22:34:25 Структура базы данных (check_mysql_table_structure): Ok
82% done
